{"numFailedTestSuites":0,"numFailedTests":0,"numPassedTestSuites":3,"numPassedTests":45,"numPendingTestSuites":0,"numPendingTests":0,"numRuntimeErrorTestSuites":0,"numTodoTests":0,"numTotalTestSuites":3,"numTotalTests":45,"openHandles":[],"snapshot":{"added":0,"didUpdate":false,"failure":false,"filesAdded":0,"filesRemoved":0,"filesRemovedList":[],"filesUnmatched":0,"filesUpdated":0,"matched":0,"total":0,"unchecked":0,"uncheckedKeysByFile":[],"unmatched":0,"updated":0},"startTime":1777479163771,"success":true,"testResults":[{"assertionResults":[{"ancestorTitles":["Homepage Regression Tests"],"duration":4,"failureDetails":[],"failureMessages":[],"fullName":"Homepage Regression Tests 1. Homepage should have a valid HTML structure","invocations":1,"location":null,"numPassingAsserts":3,"retryReasons":[],"status":"passed","title":"1. Homepage should have a valid HTML structure"},{"ancestorTitles":["Homepage Regression Tests"],"duration":1,"failureDetails":[],"failureMessages":[],"fullName":"Homepage Regression Tests 2. Homepage should have a title tag","invocations":1,"location":null,"numPassingAsserts":2,"retryReasons":[],"status":"passed","title":"2. Homepage should have a title tag"},{"ancestorTitles":["Homepage Regression Tests"],"duration":1,"failureDetails":[],"failureMessages":[],"fullName":"Homepage Regression Tests 3. Homepage should have meta charset UTF-8","invocations":1,"location":null,"numPassingAsserts":1,"retryReasons":[],"status":"passed","title":"3. Homepage should have meta charset UTF-8"},{"ancestorTitles":["Homepage Regression Tests"],"duration":0,"failureDetails":[],"failureMessages":[],"fullName":"Homepage Regression Tests 4. Homepage should have viewport meta tag","invocations":1,"location":null,"numPassingAsserts":1,"retryReasons":[],"status":"passed","title":"4. Homepage should have viewport meta tag"},{"ancestorTitles":["Homepage Regression Tests"],"duration":0,"failureDetails":[],"failureMessages":[],"fullName":"Homepage Regression Tests 5. Homepage should have exactly 4 articles in main content","invocations":1,"location":null,"numPassingAsserts":1,"retryReasons":[],"status":"passed","title":"5. Homepage should have exactly 4 articles in main content"},{"ancestorTitles":["Homepage Regression Tests"],"duration":1,"failureDetails":[],"failureMessages":[],"fullName":"Homepage Regression Tests 6. Homepage should contain Scrum post link in main content","invocations":1,"location":null,"numPassingAsserts":2,"retryReasons":[],"status":"passed","title":"6. Homepage should contain Scrum post link in main content"},{"ancestorTitles":["Homepage Regression Tests"],"duration":0,"failureDetails":[],"failureMessages":[],"fullName":"Homepage Regression Tests 7. Homepage should contain Identificar Testes post link","invocations":1,"location":null,"numPassingAsserts":1,"retryReasons":[],"status":"passed","title":"7. Homepage should contain Identificar Testes post link"},{"ancestorTitles":["Homepage Regression Tests"],"duration":1,"failureDetails":[],"failureMessages":[],"fullName":"Homepage Regression Tests 8. Homepage should contain Design Patterns post link","invocations":1,"location":null,"numPassingAsserts":1,"retryReasons":[],"status":"passed","title":"8. Homepage should contain Design Patterns post link"},{"ancestorTitles":["Homepage Regression Tests"],"duration":0,"failureDetails":[],"failureMessages":[],"fullName":"Homepage Regression Tests 9. Homepage should contain Boas Práticas post link","invocations":1,"location":null,"numPassingAsserts":1,"retryReasons":[],"status":"passed","title":"9. Homepage should contain Boas Práticas post link"},{"ancestorTitles":["Homepage Regression Tests"],"duration":1,"failureDetails":[],"failureMessages":[],"fullName":"Homepage Regression Tests 10. Sidebar should have Postagens Recentes section","invocations":1,"location":null,"numPassingAsserts":1,"retryReasons":[],"status":"passed","title":"10. Sidebar should have Postagens Recentes section"},{"ancestorTitles":["Homepage Regression Tests"],"duration":0,"failureDetails":[],"failureMessages":[],"fullName":"Homepage Regression Tests 11. Sidebar should have Scrum post in recent posts","invocations":1,"location":null,"numPassingAsserts":1,"retryReasons":[],"status":"passed","title":"11. Sidebar should have Scrum post in recent posts"},{"ancestorTitles":["Homepage Regression Tests"],"duration":1,"failureDetails":[],"failureMessages":[],"fullName":"Homepage Regression Tests 12. Sidebar should have exactly 3 recent posts","invocations":1,"location":null,"numPassingAsserts":1,"retryReasons":[],"status":"passed","title":"12. Sidebar should have exactly 3 recent posts"},{"ancestorTitles":["Homepage Regression Tests"],"duration":0,"failureDetails":[],"failureMessages":[],"fullName":"Homepage Regression Tests 13. Homepage should have header navigation","invocations":1,"location":null,"numPassingAsserts":1,"retryReasons":[],"status":"passed","title":"13. Homepage should have header navigation"},{"ancestorTitles":["Homepage Regression Tests"],"duration":0,"failureDetails":[],"failureMessages":[],"fullName":"Homepage Regression Tests 14. Homepage should have search input","invocations":1,"location":null,"numPassingAsserts":1,"retryReasons":[],"status":"passed","title":"14. Homepage should have search input"},{"ancestorTitles":["Homepage Regression Tests"],"duration":1,"failureDetails":[],"failureMessages":[],"fullName":"Homepage Regression Tests 15. Homepage should load Bootstrap CSS","invocations":1,"location":null,"numPassingAsserts":1,"retryReasons":[],"status":"passed","title":"15. Homepage should load Bootstrap CSS"},{"ancestorTitles":["Homepage Regression Tests"],"duration":0,"failureDetails":[],"failureMessages":[],"fullName":"Homepage Regression Tests 16. Homepage should load jQuery","invocations":1,"location":null,"numPassingAsserts":1,"retryReasons":[],"status":"passed","title":"16. Homepage should load jQuery"},{"ancestorTitles":["Homepage Regression Tests"],"duration":0,"failureDetails":[],"failureMessages":[],"fullName":"Homepage Regression Tests 17. Footer should contain QA Overflow reference","invocations":1,"location":null,"numPassingAsserts":1,"retryReasons":[],"status":"passed","title":"17. Footer should contain QA Overflow reference"},{"ancestorTitles":["Homepage Regression Tests"],"duration":1,"failureDetails":[],"failureMessages":[],"fullName":"Homepage Regression Tests 18. All article links should have valid href attributes","invocations":1,"location":null,"numPassingAsserts":8,"retryReasons":[],"status":"passed","title":"18. All article links should have valid href attributes"},{"ancestorTitles":["Homepage Regression Tests"],"duration":0,"failureDetails":[],"failureMessages":[],"fullName":"Homepage Regression Tests 19. Homepage should have Open Graph meta tags","invocations":1,"location":null,"numPassingAsserts":1,"retryReasons":[],"status":"passed","title":"19. Homepage should have Open Graph meta tags"},{"ancestorTitles":["Homepage Regression Tests"],"duration":1,"failureDetails":[],"failureMessages":[],"fullName":"Homepage Regression Tests 20. Homepage should not have duplicate articles","invocations":1,"location":null,"numPassingAsserts":4,"retryReasons":[],"status":"passed","title":"20. Homepage should not have duplicate articles"}],"endTime":1777479164219,"message":"","name":"C:\\Users\\Victor Oliver\\Desktop\\QA_OverFlow\\tests\\homepage.test.js","startTime":1777479163815,"status":"passed","summary":""},{"assertionResults":[{"ancestorTitles":["Blog Posts Regression Tests"],"duration":1,"failureDetails":[],"failureMessages":[],"fullName":"Blog Posts Regression Tests 21. Scrum post HTML file should exist","invocations":1,"location":null,"numPassingAsserts":1,"retryReasons":[],"status":"passed","title":"21. Scrum post HTML file should exist"},{"ancestorTitles":["Blog Posts Regression Tests"],"duration":16,"failureDetails":[],"failureMessages":[],"fullName":"Blog Posts Regression Tests 22. Scrum post should have valid HTML structure","invocations":1,"location":null,"numPassingAsserts":3,"retryReasons":[],"status":"passed","title":"22. Scrum post should have valid HTML structure"},{"ancestorTitles":["Blog Posts Regression Tests"],"duration":10,"failureDetails":[],"failureMessages":[],"fullName":"Blog Posts Regression Tests 23. Scrum post should have correct title","invocations":1,"location":null,"numPassingAsserts":1,"retryReasons":[],"status":"passed","title":"23. Scrum post should have correct title"},{"ancestorTitles":["Blog Posts Regression Tests"],"duration":6,"failureDetails":[],"failureMessages":[],"fullName":"Blog Posts Regression Tests 24. Scrum post should have meta description","invocations":1,"location":null,"numPassingAsserts":1,"retryReasons":[],"status":"passed","title":"24. Scrum post should have meta description"},{"ancestorTitles":["Blog Posts Regression Tests"],"duration":11,"failureDetails":[],"failureMessages":[],"fullName":"Blog Posts Regression Tests 25. Scrum post should have article content","invocations":1,"location":null,"numPassingAsserts":2,"retryReasons":[],"status":"passed","title":"25. Scrum post should have article content"},{"ancestorTitles":["Blog Posts Regression Tests"],"duration":5,"failureDetails":[],"failureMessages":[],"fullName":"Blog Posts Regression Tests 26. Scrum post should have Open Graph tags","invocations":1,"location":null,"numPassingAsserts":2,"retryReasons":[],"status":"passed","title":"26. Scrum post should have Open Graph tags"},{"ancestorTitles":["Blog Posts Regression Tests"],"duration":5,"failureDetails":[],"failureMessages":[],"fullName":"Blog Posts Regression Tests 27. Scrum post should have author meta tag","invocations":1,"location":null,"numPassingAsserts":2,"retryReasons":[],"status":"passed","title":"27. Scrum post should have author meta tag"},{"ancestorTitles":["Blog Posts Regression Tests"],"duration":6,"failureDetails":[],"failureMessages":[],"fullName":"Blog Posts Regression Tests 28. Scrum post should have related posts section","invocations":1,"location":null,"numPassingAsserts":1,"retryReasons":[],"status":"passed","title":"28. Scrum post should have related posts section"},{"ancestorTitles":["Blog Posts Regression Tests"],"duration":5,"failureDetails":[],"failureMessages":[],"fullName":"Blog Posts Regression Tests 29. Scrum post should have comments section","invocations":1,"location":null,"numPassingAsserts":1,"retryReasons":[],"status":"passed","title":"29. Scrum post should have comments section"},{"ancestorTitles":["Blog Posts Regression Tests"],"duration":5,"failureDetails":[],"failureMessages":[],"fullName":"Blog Posts Regression Tests 30. Scrum post should have valid JSON-LD structured data","invocations":1,"location":null,"numPassingAsserts":3,"retryReasons":[],"status":"passed","title":"30. Scrum post should have valid JSON-LD structured data"}],"endTime":1777479164373,"message":"","name":"C:\\Users\\Victor Oliver\\Desktop\\QA_OverFlow\\tests\\posts.test.js","startTime":1777479164224,"status":"passed","summary":""},{"assertionResults":[{"ancestorTitles":["Blog Data (blog.json) Regression Tests"],"duration":0,"failureDetails":[],"failureMessages":[],"fullName":"Blog Data (blog.json) Regression Tests 31. blog.json should exist and be valid JSON","invocations":1,"location":null,"numPassingAsserts":2,"retryReasons":[],"status":"passed","title":"31. blog.json should exist and be valid JSON"},{"ancestorTitles":["Blog Data (blog.json) Regression Tests"],"duration":0,"failureDetails":[],"failureMessages":[],"fullName":"Blog Data (blog.json) Regression Tests 32. blog.json should have posts array","invocations":1,"location":null,"numPassingAsserts":1,"retryReasons":[],"status":"passed","title":"32. blog.json should have posts array"},{"ancestorTitles":["Blog Data (blog.json) Regression Tests"],"duration":0,"failureDetails":[],"failureMessages":[],"fullName":"Blog Data (blog.json) Regression Tests 33. blog.json should have exactly 4 posts","invocations":1,"location":null,"numPassingAsserts":1,"retryReasons":[],"status":"passed","title":"33. blog.json should have exactly 4 posts"},{"ancestorTitles":["Blog Data (blog.json) Regression Tests"],"duration":0,"failureDetails":[],"failureMessages":[],"fullName":"Blog Data (blog.json) Regression Tests 34. Scrum post should be in blog.json","invocations":1,"location":null,"numPassingAsserts":2,"retryReasons":[],"status":"passed","title":"34. Scrum post should be in blog.json"},{"ancestorTitles":["Blog Data (blog.json) Regression Tests"],"duration":0,"failureDetails":[],"failureMessages":[],"fullName":"Blog Data (blog.json) Regression Tests 35. Scrum post should have required fields","invocations":1,"location":null,"numPassingAsserts":6,"retryReasons":[],"status":"passed","title":"35. Scrum post should have required fields"},{"ancestorTitles":["Blog Data (blog.json) Regression Tests"],"duration":1,"failureDetails":[],"failureMessages":[],"fullName":"Blog Data (blog.json) Regression Tests 36. Scrum post should have valid date format","invocations":1,"location":null,"numPassingAsserts":1,"retryReasons":[],"status":"passed","title":"36. Scrum post should have valid date format"},{"ancestorTitles":["Blog Data (blog.json) Regression Tests"],"duration":0,"failureDetails":[],"failureMessages":[],"fullName":"Blog Data (blog.json) Regression Tests 37. Scrum post should have tags array","invocations":1,"location":null,"numPassingAsserts":2,"retryReasons":[],"status":"passed","title":"37. Scrum post should have tags array"},{"ancestorTitles":["Blog Data (blog.json) Regression Tests"],"duration":0,"failureDetails":[],"failureMessages":[],"fullName":"Blog Data (blog.json) Regression Tests 38. Scrum post tags should include \"scrum\"","invocations":1,"location":null,"numPassingAsserts":1,"retryReasons":[],"status":"passed","title":"38. Scrum post tags should include \"scrum\""},{"ancestorTitles":["Blog Data (blog.json) Regression Tests"],"duration":1,"failureDetails":[],"failureMessages":[],"fullName":"Blog Data (blog.json) Regression Tests 39. All posts should have valid slug","invocations":1,"location":null,"numPassingAsserts":8,"retryReasons":[],"status":"passed","title":"39. All posts should have valid slug"},{"ancestorTitles":["Blog Data (blog.json) Regression Tests"],"duration":0,"failureDetails":[],"failureMessages":[],"fullName":"Blog Data (blog.json) Regression Tests 40. All posts should have author Victor Oliveira","invocations":1,"location":null,"numPassingAsserts":4,"retryReasons":[],"status":"passed","title":"40. All posts should have author Victor Oliveira"},{"ancestorTitles":["Blog Data (blog.json) Regression Tests"],"duration":0,"failureDetails":[],"failureMessages":[],"fullName":"Blog Data (blog.json) Regression Tests 41. blog.json should have latestPosts array","invocations":1,"location":null,"numPassingAsserts":2,"retryReasons":[],"status":"passed","title":"41. blog.json should have latestPosts array"},{"ancestorTitles":["Blog Data (blog.json) Regression Tests"],"duration":0,"failureDetails":[],"failureMessages":[],"fullName":"Blog Data (blog.json) Regression Tests 42. latestPosts should contain Scrum post","invocations":1,"location":null,"numPassingAsserts":1,"retryReasons":[],"status":"passed","title":"42. latestPosts should contain Scrum post"},{"ancestorTitles":["Blog Data (blog.json) Regression Tests"],"duration":0,"failureDetails":[],"failureMessages":[],"fullName":"Blog Data (blog.json) Regression Tests 43. All posts should have non-empty body","invocations":1,"location":null,"numPassingAsserts":4,"retryReasons":[],"status":"passed","title":"43. All posts should have non-empty body"},{"ancestorTitles":["Blog Data (blog.json) Regression Tests"],"duration":0,"failureDetails":[],"failureMessages":[],"fullName":"Blog Data (blog.json) Regression Tests 44. All posts should have category","invocations":1,"location":null,"numPassingAsserts":4,"retryReasons":[],"status":"passed","title":"44. All posts should have category"},{"ancestorTitles":["Blog Data (blog.json) Regression Tests"],"duration":0,"failureDetails":[],"failureMessages":[],"fullName":"Blog Data (blog.json) Regression Tests 45. Scrum post category should be Boas Práticas","invocations":1,"location":null,"numPassingAsserts":1,"retryReasons":[],"status":"passed","title":"45. Scrum post category should be Boas Práticas"}],"endTime":1777479164414,"message":"","name":"C:\\Users\\Victor Oliver\\Desktop\\QA_OverFlow\\tests\\blogdata.test.js","startTime":1777479164378,"status":"passed","summary":""}],"wasInterrupted":false}
